<?xml version="1.0" encoding="UTF-8"?><testsuite errors="1" failures="0" name="Registro usuario" skipped="0" tests="1" time="15.37" timestamp="2020-12-07 10:10:09"><testcase name="Registrar usuario en el sistema de Avantage"><error message="The following error occurred: element click intercepted: Element &lt;a href=&quot;javascript:void(0)&quot; role=&quot;link&quot; class=&quot;create-new-account ng-scope&quot; translate=&quot;CREATE_NEW_ACCOUNT&quot; data-ng-click=&quot;createNewAccount()&quot;&gt;...&lt;/a&gt; is not clickable at point (768, 196). Other element would receive the click: &lt;div class=&quot;loader&quot; style=&quot;display: block; opacity: 1;&quot;&gt;...&lt;/div&gt;&#10;  (Session info: chrome=87.0.4280.88)&#10;Build info: version: '3.11.0', revision: 'e59cfb3', time: '2018-03-11T20:26:55.152Z'&#10;System info: host: 'DESKTOP-UCOQ2UM', ip: '192.168.138.1', os.name: 'Windows 10', os.arch: 'amd64', os.version: '10.0', java.version: '1.8.0_261'&#10;Driver info: org.openqa.selenium.remote.RemoteWebDriver&#10;Capabilities {acceptInsecureCerts: false, browserName: chrome, browserVersion: 87.0.4280.88, chrome: {chromedriverVersion: 87.0.4280.88 (89e2380a3e36c..., userDataDir: C:\Users\User\AppData\Local...}, goog:chromeOptions: {debuggerAddress: localhost:63354}, javascriptEnabled: true, networkConnectionEnabled: false, pageLoadStrategy: normal, platform: WINDOWS, platformName: WINDOWS, proxy: Proxy(), setWindowRect: true, strictFileInteractability: false, timeouts: {implicit: 0, pageLoad: 300000, script: 30000}, unhandledPromptBehavior: dismiss and notify, webauthn:virtualAuthenticators: true}&#10;Session ID: 58bbff7f0466862aabdb84c7e640001e" type="org.openqa.selenium.ElementClickInterceptedException">The following error occurred: element click intercepted: Element &lt;a href="javascript:void(0)" role="link" class="create-new-account ng-scope" translate="CREATE_NEW_ACCOUNT" data-ng-click="createNewAccount()"&gt;...&lt;/a&gt; is not clickable at point (768, 196). Other element would receive the click: &lt;div class="loader" style="display: block; opacity: 1;"&gt;...&lt;/div&gt;
  (Session info: chrome=87.0.4280.88)
Build info: version: '3.11.0', revision: 'e59cfb3', time: '2018-03-11T20:26:55.152Z'
System info: host: 'DESKTOP-UCOQ2UM', ip: '192.168.138.1', os.name: 'Windows 10', os.arch: 'amd64', os.version: '10.0', java.version: '1.8.0_261'
Driver info: org.openqa.selenium.remote.RemoteWebDriver
Capabilities {acceptInsecureCerts: false, browserName: chrome, browserVersion: 87.0.4280.88, chrome: {chromedriverVersion: 87.0.4280.88 (89e2380a3e36c..., userDataDir: C:\Users\User\AppData\Local...}, goog:chromeOptions: {debuggerAddress: localhost:63354}, javascriptEnabled: true, networkConnectionEnabled: false, pageLoadStrategy: normal, platform: WINDOWS, platformName: WINDOWS, proxy: Proxy(), setWindowRect: true, strictFileInteractability: false, timeouts: {implicit: 0, pageLoad: 300000, script: 30000}, unhandledPromptBehavior: dismiss and notify, webauthn:virtualAuthenticators: true}
Session ID: 58bbff7f0466862aabdb84c7e640001e</error><system-err>The following error occurred: element click intercepted: Element &lt;a href="javascript:void(0)" role="link" class="create-new-account ng-scope" translate="CREATE_NEW_ACCOUNT" data-ng-click="createNewAccount()"&gt;...&lt;/a&gt; is not clickable at point (768, 196). Other element would receive the click: &lt;div class="loader" style="display: block; opacity: 1;"&gt;...&lt;/div&gt;
  (Session info: chrome=87.0.4280.88)
Build info: version: '3.11.0', revision: 'e59cfb3', time: '2018-03-11T20:26:55.152Z'
System info: host: 'DESKTOP-UCOQ2UM', ip: '192.168.138.1', os.name: 'Windows 10', os.arch: 'amd64', os.version: '10.0', java.version: '1.8.0_261'
Driver info: org.openqa.selenium.remote.RemoteWebDriver
Capabilities {acceptInsecureCerts: false, browserName: chrome, browserVersion: 87.0.4280.88, chrome: {chromedriverVersion: 87.0.4280.88 (89e2380a3e36c..., userDataDir: C:\Users\User\AppData\Local...}, goog:chromeOptions: {debuggerAddress: localhost:63354}, javascriptEnabled: true, networkConnectionEnabled: false, pageLoadStrategy: normal, platform: WINDOWS, platformName: WINDOWS, proxy: Proxy(), setWindowRect: true, strictFileInteractability: false, timeouts: {implicit: 0, pageLoad: 300000, script: 30000}, unhandledPromptBehavior: dismiss and notify, webauthn:virtualAuthenticators: true}
Session ID: 58bbff7f0466862aabdb84c7e640001e&#13;
com.plantilla.certificacion.autoPlantilla.tasks.RegistrarUsuario.performAs(RegistrarUsuario.java:28)&#13;
com.plantilla.certificacion.autoPlantilla.stepDefinitions.RegistroUsuarioStepDefinition.elCompleteElFormularioDeRegistro(RegistroUsuarioStepDefinition.java:35)&#13;
cucumber.runner.Runner.runPickle(Runner.java:80)&#13;
</system-err></testcase></testsuite>